[0.054s] Invoking command in '/home/drail/ros2_ws/build/ros2_actions': AMENT_PREFIX_PATH=/home/drail/ros2_ws/install/ros2_data:${AMENT_PREFIX_PATH} CMAKE_PREFIX_PATH=/home/drail/ros2_ws/install/ros2_data:/home/drail/ros2_ws/install/turtlesim:/home/drail/ros2_humble/ros2-linux:/opt/ros/humble LD_LIBRARY_PATH=/home/drail/ros2_ws/install/ros2_data/lib:/home/drail/ros2_ws/install/turtlesim/lib:/usr/lib/x86_64-linux-gnu/gazebo-11/plugins:/opt/ros/humble/opt/rviz_ogre_vendor/lib:/opt/ros/humble/lib/x86_64-linux-gnu:/opt/ros/humble/lib:/home/drail/ros2_humble/ros2-linux/opt/rviz_ogre_vendor/lib:/home/drail/ros2_humble/ros2-linux/lib:/usr/local/cuda-12.9/lib64 PYTHONPATH=/home/drail/ros2_ws/install/ros2_data/local/lib/python3.10/dist-packages:${PYTHONPATH} /usr/bin/cmake /home/drail/ros2_ws/src/ros2_RobotSimulation/ros2_actions -DCMAKE_INSTALL_PREFIX=/home/drail/ros2_ws/install/ros2_actions
[0.096s] -- The C compiler identification is GNU 11.4.0
[0.138s] -- The CXX compiler identification is GNU 11.4.0
[0.144s] -- Detecting C compiler ABI info
[0.199s] -- Detecting C compiler ABI info - done
[0.204s] -- Check for working C compiler: /usr/bin/cc - skipped
[0.204s] -- Detecting C compile features
[0.204s] -- Detecting C compile features - done
[0.206s] -- Detecting CXX compiler ABI info
[0.273s] -- Detecting CXX compiler ABI info - done
[0.281s] -- Check for working CXX compiler: /usr/bin/c++ - skipped
[0.281s] -- Detecting CXX compile features
[0.281s] -- Detecting CXX compile features - done
[0.284s] -- Found ament_cmake: 1.3.12 (/home/drail/ros2_humble/ros2-linux/share/ament_cmake/cmake)
[0.406s] -- Found Python3: /usr/bin/python3 (found version "3.10.12") found components: Interpreter 
[0.477s] -- Found ament_lint_auto: 0.12.14 (/home/drail/ros2_humble/ros2-linux/share/ament_lint_auto/cmake)
[0.541s] -- Found moveit_ros_planning_interface: 2.5.9 (/opt/ros/humble/share/moveit_ros_planning_interface/cmake)
[0.689s] -- Found Boost: /usr/lib/x86_64-linux-gnu/cmake/Boost-1.74.0/BoostConfig.cmake (found version "1.74.0") found components: date_time filesystem program_options system thread 
[0.732s] -- Found rosidl_generator_c: 3.1.7 (/home/drail/ros2_humble/ros2-linux/share/rosidl_generator_c/cmake)
[0.737s] -- Found rosidl_adapter: 3.1.7 (/home/drail/ros2_humble/ros2-linux/share/rosidl_adapter/cmake)
[0.745s] -- Found rosidl_generator_cpp: 3.1.7 (/home/drail/ros2_humble/ros2-linux/share/rosidl_generator_cpp/cmake)
[0.754s] -- Using all available rosidl_typesupport_c: rosidl_typesupport_fastrtps_c;rosidl_typesupport_introspection_c
[0.764s] -- Using all available rosidl_typesupport_cpp: rosidl_typesupport_fastrtps_cpp;rosidl_typesupport_introspection_cpp
[0.903s] -- Found Boost: /usr/lib/x86_64-linux-gnu/cmake/Boost-1.74.0/BoostConfig.cmake (found version "1.74.0") found components: chrono date_time filesystem iostreams program_options regex serialization system thread 
[0.941s] -- Found parameter_traits: 0.5.0 (/opt/ros/humble/share/parameter_traits/cmake)
[0.967s] -- Found rmw_implementation_cmake: 6.1.2 (/home/drail/ros2_humble/ros2-linux/share/rmw_implementation_cmake/cmake)
[0.969s] -- Found rmw_cyclonedds_cpp: 1.3.4 (/home/drail/ros2_humble/ros2-linux/share/rmw_cyclonedds_cpp/cmake)
[0.983s] -- Using RMW implementation 'rmw_cyclonedds_cpp' as default
[0.990s] -- Found Threads: TRUE  
[1.021s] -- Found rclcpp_lifecycle: 16.0.14 (/home/drail/ros2_humble/ros2-linux/share/rclcpp_lifecycle/cmake)
[1.038s] -- Found Boost: /usr/lib/x86_64-linux-gnu/cmake/Boost-1.74.0/BoostConfig.cmake (found version "1.74.0") found components: filesystem 
[1.119s] -- library: /usr/lib/x86_64-linux-gnu/libcurl.so
[1.144s] -- Found Eigen3: TRUE (found version "3.4.0") 
[1.144s] -- Ensuring Eigen3 include directory is part of orocos-kdl CMake target
[1.243s] -- Found Boost: /usr/lib/x86_64-linux-gnu/cmake/Boost-1.74.0/BoostConfig.cmake (found version "1.74.0") found components: system filesystem date_time program_options thread chrono 
[1.266s] -- Found Boost: /usr/lib/x86_64-linux-gnu/cmake/Boost-1.74.0/BoostConfig.cmake (found version "1.74.0") found components: thread system filesystem regex date_time program_options 
[1.339s] -- Found Boost: /usr/lib/x86_64-linux-gnu/cmake/Boost-1.74.0/BoostConfig.cmake (found version "1.74.0") found components: system filesystem date_time program_options thread 
[1.359s] -- Found ros2_data: 0.0.0 (/home/drail/ros2_ws/install/ros2_data/share/ros2_data/cmake)
[1.379s] -- Added test 'copyright' to check source files copyright and LICENSE
[1.380s] -- Added test 'cppcheck' to perform static code analysis on C / C++ code
[1.380s] -- Configured cppcheck include dirs: 
[1.380s] -- Configured cppcheck exclude dirs and/or files: 
[1.381s] -- Added test 'cpplint' to check C / C++ code against the Google style
[1.381s] -- Configured cpplint exclude dirs and/or files: 
[1.382s] -- Added test 'lint_cmake' to check CMake code style
[1.382s] -- Added test 'uncrustify' to check C / C++ code style
[1.382s] -- Configured uncrustify additional arguments: 
[1.383s] -- Added test 'xmllint' to check XML markup files
[1.384s] -- Configuring done
[1.491s] -- Generating done
[1.520s] -- Build files have been written to: /home/drail/ros2_ws/build/ros2_actions
[1.531s] Invoked command in '/home/drail/ros2_ws/build/ros2_actions' returned '0': AMENT_PREFIX_PATH=/home/drail/ros2_ws/install/ros2_data:${AMENT_PREFIX_PATH} CMAKE_PREFIX_PATH=/home/drail/ros2_ws/install/ros2_data:/home/drail/ros2_ws/install/turtlesim:/home/drail/ros2_humble/ros2-linux:/opt/ros/humble LD_LIBRARY_PATH=/home/drail/ros2_ws/install/ros2_data/lib:/home/drail/ros2_ws/install/turtlesim/lib:/usr/lib/x86_64-linux-gnu/gazebo-11/plugins:/opt/ros/humble/opt/rviz_ogre_vendor/lib:/opt/ros/humble/lib/x86_64-linux-gnu:/opt/ros/humble/lib:/home/drail/ros2_humble/ros2-linux/opt/rviz_ogre_vendor/lib:/home/drail/ros2_humble/ros2-linux/lib:/usr/local/cuda-12.9/lib64 PYTHONPATH=/home/drail/ros2_ws/install/ros2_data/local/lib/python3.10/dist-packages:${PYTHONPATH} /usr/bin/cmake /home/drail/ros2_ws/src/ros2_RobotSimulation/ros2_actions -DCMAKE_INSTALL_PREFIX=/home/drail/ros2_ws/install/ros2_actions
[1.533s] Invoking command in '/home/drail/ros2_ws/build/ros2_actions': AMENT_PREFIX_PATH=/home/drail/ros2_ws/install/ros2_data:${AMENT_PREFIX_PATH} CMAKE_PREFIX_PATH=/home/drail/ros2_ws/install/ros2_data:/home/drail/ros2_ws/install/turtlesim:/home/drail/ros2_humble/ros2-linux:/opt/ros/humble LD_LIBRARY_PATH=/home/drail/ros2_ws/install/ros2_data/lib:/home/drail/ros2_ws/install/turtlesim/lib:/usr/lib/x86_64-linux-gnu/gazebo-11/plugins:/opt/ros/humble/opt/rviz_ogre_vendor/lib:/opt/ros/humble/lib/x86_64-linux-gnu:/opt/ros/humble/lib:/home/drail/ros2_humble/ros2-linux/opt/rviz_ogre_vendor/lib:/home/drail/ros2_humble/ros2-linux/lib:/usr/local/cuda-12.9/lib64 PYTHONPATH=/home/drail/ros2_ws/install/ros2_data/local/lib/python3.10/dist-packages:${PYTHONPATH} /usr/bin/cmake --build /home/drail/ros2_ws/build/ros2_actions -- -j24 -l24
[1.576s] [  4%] [32mBuilding CXX object CMakeFiles/moveJs_action.dir/scripts/moveJs_action.cpp.o[0m
[1.577s] [  9%] [32mBuilding CXX object CMakeFiles/moveXYZW_action.dir/scripts/moveXYZW_action.cpp.o[0m
[1.578s] [ 13%] [32mBuilding CXX object CMakeFiles/moveJ_action.dir/scripts/moveJ_action.cpp.o[0m
[1.578s] [ 22%] [32mBuilding CXX object CMakeFiles/moveL_action.dir/scripts/moveL_action.cpp.o[0m
[1.578s] [ 22%] [32mBuilding CXX object CMakeFiles/moveXYZ_action.dir/scripts/moveXYZ_action.cpp.o[0m
[1.578s] [ 27%] [32mBuilding CXX object CMakeFiles/moveRs_action.dir/scripts/moveRs_action.cpp.o[0m
[1.579s] [ 31%] [32mBuilding CXX object CMakeFiles/moveR_action.dir/scripts/moveR_action.cpp.o[0m
[1.579s] [ 36%] [32mBuilding CXX object CMakeFiles/moveYPR_action.dir/scripts/moveYPR_action.cpp.o[0m
[1.579s] [ 40%] [32mBuilding CXX object CMakeFiles/moveG_action.dir/scripts/moveG_action.cpp.o[0m
[1.579s] [ 45%] [32mBuilding CXX object CMakeFiles/moveROT_action.dir/scripts/moveROT_action.cpp.o[0m
[1.579s] [ 50%] [32mBuilding CXX object CMakeFiles/moveRP_action.dir/scripts/moveRP_action.cpp.o[0m
[1.925s] [01m[K/home/drail/ros2_ws/src/ros2_RobotSimulation/ros2_actions/scripts/moveRP_action.cpp:44:10:[m[K [01;31m[Kfatal error: [m[Kmoveit/move_group_interface/move_group_interface_improved.h: No such file or directory
[1.925s]    44 | #include [01;31m[K<moveit/move_group_interface/move_group_interface_improved.h>[m[K
[1.925s]       |          [01;31m[K^~~~~~~~~~~~~~~~~~~~~~~~~~~~~~~~~~~~~~~~~~~~~~~~~~~~~~~~~~~~~[m[K
[1.925s] compilation terminated.
[1.934s] [01m[K/home/drail/ros2_ws/src/ros2_RobotSimulation/ros2_actions/scripts/moveR_action.cpp:43:10:[m[K [01;31m[Kfatal error: [m[Kmoveit/move_group_interface/move_group_interface_improved.h: No such file or directory
[1.934s]    43 | #include [01;31m[K<moveit/move_group_interface/move_group_interface_improved.h>[m[K
[1.934s]       |          [01;31m[K^~~~~~~~~~~~~~~~~~~~~~~~~~~~~~~~~~~~~~~~~~~~~~~~~~~~~~~~~~~~~[m[K
[1.934s] compilation terminated.
[1.935s] [01m[K/home/drail/ros2_ws/src/ros2_RobotSimulation/ros2_actions/scripts/moveL_action.cpp:43:10:[m[K [01;31m[Kfatal error: [m[Kmoveit/move_group_interface/move_group_interface_improved.h: No such file or directory
[1.935s]    43 | #include [01;31m[K<moveit/move_group_interface/move_group_interface_improved.h>[m[K
[1.935s]       |          [01;31m[K^~~~~~~~~~~~~~~~~~~~~~~~~~~~~~~~~~~~~~~~~~~~~~~~~~~~~~~~~~~~~[m[K
[1.935s] [01m[K/home/drail/ros2_ws/src/ros2_RobotSimulation/ros2_actions/scripts/moveROT_action.cpp:43:10:[m[K [01;31m[Kfatal error: [m[Kmoveit/move_group_interface/move_group_interface_improved.h: No such file or directory
[1.935s]    43 | #include [01;31m[K<moveit/move_group_interface/move_group_interface_improved.h>[m[K
[1.935s]       |          [01;31m[K^~~~~~~~~~~~~~~~~~~~~~~~~~~~~~~~~~~~~~~~~~~~~~~~~~~~~~~~~~~~~[m[K
[1.935s] compilation terminated.
[1.935s] compilation terminated.
[1.935s] [01m[K/home/drail/ros2_ws/src/ros2_RobotSimulation/ros2_actions/scripts/moveG_action.cpp:43:10:[m[K [01;31m[Kfatal error: [m[Kmoveit/move_group_interface/move_group_interface_improved.h: No such file or directory
[1.935s]    43 | #include [01;31m[K<moveit/move_group_interface/move_group_interface_improved.h>[m[K
[1.935s]       |          [01;31m[K^~~~~~~~~~~~~~~~~~~~~~~~~~~~~~~~~~~~~~~~~~~~~~~~~~~~~~~~~~~~~[m[K
[1.935s] compilation terminated.
[1.935s] [01m[K/home/drail/ros2_ws/src/ros2_RobotSimulation/ros2_actions/scripts/moveXYZW_action.cpp:43:10:[m[K [01;31m[Kfatal error: [m[Kmoveit/move_group_interface/move_group_interface_improved.h: No such file or directory
[1.936s]    43 | #include [01;31m[K<moveit/move_group_interface/move_group_interface_improved.h>[m[K
[1.936s]       |          [01;31m[K^~~~~~~~~~~~~~~~~~~~~~~~~~~~~~~~~~~~~~~~~~~~~~~~~~~~~~~~~~~~~[m[K
[1.936s] compilation terminated.
[1.936s] gmake[2]: *** [CMakeFiles/moveRP_action.dir/build.make:76: CMakeFiles/moveRP_action.dir/scripts/moveRP_action.cpp.o] Error 1
[1.936s] [01m[K/home/drail/ros2_ws/src/ros2_RobotSimulation/ros2_actions/scripts/moveJ_action.cpp:43:10:[m[K [01;31m[Kfatal error: [m[Kmoveit/move_group_interface/move_group_interface_improved.h: No such file or directory
[1.936s]    43 | #include [01;31m[K<moveit/move_group_interface/move_group_interface_improved.h>[m[K
[1.936s]       |          [01;31m[K^~~~~~~~~~~~~~~~~~~~~~~~~~~~~~~~~~~~~~~~~~~~~~~~~~~~~~~~~~~~~[m[K
[1.936s] compilation terminated.
[1.936s] gmake[1]: *** [CMakeFiles/Makefile2:417: CMakeFiles/moveRP_action.dir/all] Error 2
[1.936s] gmake[1]: *** Waiting for unfinished jobs....
[1.937s] [01m[K/home/drail/ros2_ws/src/ros2_RobotSimulation/ros2_actions/scripts/moveRs_action.cpp:43:10:[m[K [01;31m[Kfatal error: [m[Kmoveit/move_group_interface/move_group_interface_improved.h: No such file or directory
[1.937s]    43 | #include [01;31m[K<moveit/move_group_interface/move_group_interface_improved.h>[m[K
[1.937s]       |          [01;31m[K^~~~~~~~~~~~~~~~~~~~~~~~~~~~~~~~~~~~~~~~~~~~~~~~~~~~~~~~~~~~~[m[K
[1.937s] compilation terminated.
[1.938s] [01m[K/home/drail/ros2_ws/src/ros2_RobotSimulation/ros2_actions/scripts/moveYPR_action.cpp:43:10:[m[K [01;31m[Kfatal error: [m[Kmoveit/move_group_interface/move_group_interface_improved.h: No such file or directory
[1.938s]    43 | #include [01;31m[K<moveit/move_group_interface/move_group_interface_improved.h>[m[K
[1.938s]       |          [01;31m[K^~~~~~~~~~~~~~~~~~~~~~~~~~~~~~~~~~~~~~~~~~~~~~~~~~~~~~~~~~~~~[m[K
[1.938s] compilation terminated.
[1.938s] gmake[2]: *** [CMakeFiles/moveR_action.dir/build.make:76: CMakeFiles/moveR_action.dir/scripts/moveR_action.cpp.o] Error 1
[1.939s] gmake[1]: *** [CMakeFiles/Makefile2:287: CMakeFiles/moveR_action.dir/all] Error 2
[1.940s] gmake[2]: *** [CMakeFiles/moveROT_action.dir/build.make:76: CMakeFiles/moveROT_action.dir/scripts/moveROT_action.cpp.o] Error 1
[1.940s] gmake[2]: *** [CMakeFiles/moveL_action.dir/build.make:76: CMakeFiles/moveL_action.dir/scripts/moveL_action.cpp.o] Error 1
[1.940s] gmake[2]: *** [CMakeFiles/moveG_action.dir/build.make:76: CMakeFiles/moveG_action.dir/scripts/moveG_action.cpp.o] Error 1
[1.940s] gmake[1]: *** [CMakeFiles/Makefile2:261: CMakeFiles/moveL_action.dir/all] Error 2
[1.941s] gmake[1]: *** [CMakeFiles/Makefile2:391: CMakeFiles/moveROT_action.dir/all] Error 2
[1.941s] gmake[2]: *** [CMakeFiles/moveXYZW_action.dir/build.make:76: CMakeFiles/moveXYZW_action.dir/scripts/moveXYZW_action.cpp.o] Error 1
[1.941s] gmake[1]: *** [CMakeFiles/Makefile2:209: CMakeFiles/moveG_action.dir/all] Error 2
[1.941s] gmake[1]: *** [CMakeFiles/Makefile2:235: CMakeFiles/moveXYZW_action.dir/all] Error 2
[1.941s] gmake[2]: *** [CMakeFiles/moveJ_action.dir/build.make:76: CMakeFiles/moveJ_action.dir/scripts/moveJ_action.cpp.o] Error 1
[1.941s] gmake[2]: *** [CMakeFiles/moveRs_action.dir/build.make:76: CMakeFiles/moveRs_action.dir/scripts/moveRs_action.cpp.o] Error 1
[1.941s] gmake[1]: *** [CMakeFiles/Makefile2:157: CMakeFiles/moveJ_action.dir/all] Error 2
[1.942s] gmake[1]: *** [CMakeFiles/Makefile2:313: CMakeFiles/moveRs_action.dir/all] Error 2
[1.942s] gmake[2]: *** [CMakeFiles/moveYPR_action.dir/build.make:76: CMakeFiles/moveYPR_action.dir/scripts/moveYPR_action.cpp.o] Error 1
[1.942s] gmake[1]: *** [CMakeFiles/Makefile2:365: CMakeFiles/moveYPR_action.dir/all] Error 2
[1.946s] [01m[K/home/drail/ros2_ws/src/ros2_RobotSimulation/ros2_actions/scripts/moveXYZ_action.cpp:43:10:[m[K [01;31m[Kfatal error: [m[Kmoveit/move_group_interface/move_group_interface_improved.h: No such file or directory
[1.946s]    43 | #include [01;31m[K<moveit/move_group_interface/move_group_interface_improved.h>[m[K
[1.946s]       |          [01;31m[K^~~~~~~~~~~~~~~~~~~~~~~~~~~~~~~~~~~~~~~~~~~~~~~~~~~~~~~~~~~~~[m[K
[1.946s] compilation terminated.
[1.947s] [01m[K/home/drail/ros2_ws/src/ros2_RobotSimulation/ros2_actions/scripts/moveJs_action.cpp:43:10:[m[K [01;31m[Kfatal error: [m[Kmoveit/move_group_interface/move_group_interface_improved.h: No such file or directory
[1.947s]    43 | #include [01;31m[K<moveit/move_group_interface/move_group_interface_improved.h>[m[K
[1.947s]       |          [01;31m[K^~~~~~~~~~~~~~~~~~~~~~~~~~~~~~~~~~~~~~~~~~~~~~~~~~~~~~~~~~~~~[m[K
[1.947s] compilation terminated.
[1.949s] gmake[2]: *** [CMakeFiles/moveXYZ_action.dir/build.make:76: CMakeFiles/moveXYZ_action.dir/scripts/moveXYZ_action.cpp.o] Error 1
[1.950s] gmake[1]: *** [CMakeFiles/Makefile2:339: CMakeFiles/moveXYZ_action.dir/all] Error 2
[1.950s] gmake[2]: *** [CMakeFiles/moveJs_action.dir/build.make:76: CMakeFiles/moveJs_action.dir/scripts/moveJs_action.cpp.o] Error 1
[1.950s] gmake[1]: *** [CMakeFiles/Makefile2:183: CMakeFiles/moveJs_action.dir/all] Error 2
[1.950s] gmake: *** [Makefile:146: all] Error 2
[1.952s] Invoked command in '/home/drail/ros2_ws/build/ros2_actions' returned '2': AMENT_PREFIX_PATH=/home/drail/ros2_ws/install/ros2_data:${AMENT_PREFIX_PATH} CMAKE_PREFIX_PATH=/home/drail/ros2_ws/install/ros2_data:/home/drail/ros2_ws/install/turtlesim:/home/drail/ros2_humble/ros2-linux:/opt/ros/humble LD_LIBRARY_PATH=/home/drail/ros2_ws/install/ros2_data/lib:/home/drail/ros2_ws/install/turtlesim/lib:/usr/lib/x86_64-linux-gnu/gazebo-11/plugins:/opt/ros/humble/opt/rviz_ogre_vendor/lib:/opt/ros/humble/lib/x86_64-linux-gnu:/opt/ros/humble/lib:/home/drail/ros2_humble/ros2-linux/opt/rviz_ogre_vendor/lib:/home/drail/ros2_humble/ros2-linux/lib:/usr/local/cuda-12.9/lib64 PYTHONPATH=/home/drail/ros2_ws/install/ros2_data/local/lib/python3.10/dist-packages:${PYTHONPATH} /usr/bin/cmake --build /home/drail/ros2_ws/build/ros2_actions -- -j24 -l24
